Build started 3/9/2014 11:39:41 PM.
     1>Project "C:\Users\User\Desktop\Project\project3\project3\project3.vcxproj" on node 2 (build target(s)).
     1>InitializeBuildStatus:
         Creating "Debug\project3.unsuccessfulbuild" because "AlwaysCreate" was specified.
       GenerateTargetFrameworkMonikerAttribute:
       Skipping target "GenerateTargetFrameworkMonikerAttribute" because all output files are up-to-date with respect to the input files.
       ClCompile:
         All outputs are up-to-date.
         E:\Microsoft Visual Studio 10.0\VC\bin\CL.exe /c /AI"C:\Program Files (x86)\Reference Assemblies\Microsoft\Framework\.NETFramework\v4.0" /Zi /clr:pure /nologo /W3 /WX- /Od /Oy- /D WIN32 /D _DEBUG /D _UNICODE /D UNICODE /EHa /MDd /GS /fp:precise /Zc:wchar_t /Zc:forScope /Yu"StdAfx.h" /Fp"Debug\project3.pch" /Fo"Debug\\" /Fd"Debug\vc100.pdb" /TP /FU"E:\MySQL\Connector NET 6.7.4\Assemblies\v2.0\MySql.Data.dll" /FU"C:\Program Files (x86)\Reference Assemblies\Microsoft\Framework\.NETFramework\v4.0\System.Core.dll" /FU"C:\Program Files (x86)\Reference Assemblies\Microsoft\Framework\.NETFramework\v4.0\System.Data.dll" /FU"C:\Program Files (x86)\Reference Assemblies\Microsoft\Framework\.NETFramework\v4.0\System.dll" /FU"C:\Program Files (x86)\Reference Assemblies\Microsoft\Framework\.NETFramework\v4.0\System.Drawing.dll" /FU"C:\Program Files (x86)\Reference Assemblies\Microsoft\Framework\.NETFramework\v4.0\System.Windows.Forms.dll" /FU"C:\Program Files (x86)\Reference Assemblies\Microsoft\Framework\.NETFramework\v4.0\System.Xml.dll" /analyze- /errorReport:prompt project3.cpp /clr:nostdlib 
         project3.cpp
     1>c:\users\user\desktop\project\project3\project3\home.h(500): warning C4101: 'myReader' : unreferenced local variable
     1>c:\users\user\desktop\project\project3\project3\home.h(524): warning C4101: 'myReader' : unreferenced local variable
     1>c:\users\user\desktop\project\project3\project3\home.h(548): warning C4101: 'myReader' : unreferenced local variable
     1>c:\users\user\desktop\project\project3\project3\home.h(574): warning C4101: 'myReader' : unreferenced local variable
     1>c:\users\user\desktop\project\project3\project3\home.h(598): warning C4101: 'myReader' : unreferenced local variable
     1>c:\users\user\desktop\project\project3\project3\home_DEO.h(386): warning C4101: 'myReader' : unreferenced local variable
     1>c:\users\user\desktop\project\project3\project3\home_DEO.h(411): warning C4101: 'myReader' : unreferenced local variable
     1>c:\users\user\desktop\project\project3\project3\home_DEO.h(435): warning C4101: 'myReader' : unreferenced local variable
         All outputs are up-to-date.
       CoreResGen:
         "C:\Program Files (x86)\Microsoft SDKs\Windows\v7.0A\bin\NETFX 4.0 Tools\resgen.exe" /useSourcePath /r:"E:\MySQL\Connector NET 6.7.4\Assemblies\v2.0\MySql.Data.dll" /r:"C:\Program Files (x86)\Reference Assemblies\Microsoft\Framework\.NETFramework\v4.0\System.Core.dll" /r:"C:\Program Files (x86)\Reference Assemblies\Microsoft\Framework\.NETFramework\v4.0\System.Data.dll" /r:"C:\Program Files (x86)\Reference Assemblies\Microsoft\Framework\.NETFramework\v4.0\System.dll" /r:"C:\Program Files (x86)\Reference Assemblies\Microsoft\Framework\.NETFramework\v4.0\System.Drawing.dll" /r:"C:\Program Files (x86)\Reference Assemblies\Microsoft\Framework\.NETFramework\v4.0\System.Windows.Forms.dll" /r:"C:\Program Files (x86)\Reference Assemblies\Microsoft\Framework\.NETFramework\v4.0\System.Xml.dll" /compile Form1.resX,Debug\project3.Form1.resources
         Processing resource file "Form1.resX" into "Debug\project3.Form1.resources".
       ResourceCompile:
         All outputs are up-to-date.
       Link:
         E:\Microsoft Visual Studio 10.0\VC\bin\link.exe /ERRORREPORT:PROMPT /OUT:"C:\Users\User\Desktop\Project\project3\Debug\project3.exe" /INCREMENTAL /NOLOGO /ASSEMBLYRESOURCE:Debug\project3.AddContacts.resources /ASSEMBLYRESOURCE:Debug\project3.addEmployeeForm.resources /ASSEMBLYRESOURCE:Debug\project3.addNotifications.resources /ASSEMBLYRESOURCE:Debug\project3.addProduct.resources /ASSEMBLYRESOURCE:Debug\project3.adminAddVendor1.resources /ASSEMBLYRESOURCE:Debug\project3.changePass.resources /ASSEMBLYRESOURCE:Debug\project3.DeleteVendor.resources /ASSEMBLYRESOURCE:Debug\project3.deoAddVendor.resources /ASSEMBLYRESOURCE:Debug\project3.Form1.resources /ASSEMBLYRESOURCE:Debug\project3.historyForm.resources /ASSEMBLYRESOURCE:Debug\project3.home.resources /ASSEMBLYRESOURCE:Debug\project3.home_DEO.resources /ASSEMBLYRESOURCE:Debug\project3.issueNotifications.resources /ASSEMBLYRESOURCE:Debug\project3.issueProductForm.resources /ASSEMBLYRESOURCE:Debug\project3.login.resources /ASSEMBLYRESOURCE:Debug\project3.RemoveEmployee.resources /ASSEMBLYRESOURCE:Debug\project3.vendorRequests.resources /MANIFEST /ManifestFile:"Debug\project3.exe.intermediate.manifest" /MANIFESTUAC:"level='asInvoker' uiAccess='false'" /DEBUG /PDB:"C:\Users\User\Desktop\Project\project3\Debug\project3.pdb" /ASSEMBLYDEBUG /SUBSYSTEM:WINDOWS /TLBID:1 /ENTRY:"main" /DYNAMICBASE /FIXED:NO /NXCOMPAT /MACHINE:X86 Debug\app.res
         Debug\AddContacts.obj
         Debug\addEmployee.obj
         Debug\addNotifications.obj
         Debug\addProduct.obj
         Debug\adminAddVendor1.obj
         Debug\AssemblyInfo.obj
         Debug\changePass.obj
         Debug\DeleteVendor.obj
         Debug\deoAddVendor.obj
         Debug\historyForm.obj
         Debug\home.obj
         Debug\home_DEO.obj
         Debug\issueNotifications.obj
         Debug\issueProductForm.obj
         Debug\login.obj
         Debug\project3.obj
         Debug\stdafx.obj
         Debug\vendorRequests.obj
         "Debug\.NETFramework,Version=v4.0.AssemblyAttributes.obj"
         project3.vcxproj -> C:\Users\User\Desktop\Project\project3\Debug\project3.exe
       Manifest:
         C:\Program Files (x86)\Microsoft SDKs\Windows\v7.0A\bin\mt.exe /nologo /verbose /outputresource:"C:\Users\User\Desktop\Project\project3\Debug\project3.exe;#1" /manifest Debug\project3.exe.intermediate.manifest
       FinalizeBuildStatus:
         Deleting file "Debug\project3.unsuccessfulbuild".
         Touching "Debug\project3.lastbuildstate".
     1>Done Building Project "C:\Users\User\Desktop\Project\project3\project3\project3.vcxproj" (build target(s)).

Build succeeded.

Time Elapsed 00:00:04.81
