C:\USERS\ANAND\DOCUMENTS\VISUAL STUDIO 2010\PROJECTS\PROJECT3\DEBUG\PROJECT3.EXE
C:\USERS\ANAND\DOCUMENTS\VISUAL STUDIO 2010\PROJECTS\PROJECT3\DEBUG\PROJECT3.ILK
C:\USERS\ANAND\DOCUMENTS\VISUAL STUDIO 2010\PROJECTS\PROJECT3\DEBUG\PROJECT3.PDB
C:\USERS\ANAND\DOCUMENTS\VISUAL STUDIO 2010\PROJECTS\PROJECT3\PROJECT3\DEBUG\.NETFRAMEWORK,VERSION=V4.0.ASSEMBLYATTRIBUTES.OBJ
C:\USERS\ANAND\DOCUMENTS\VISUAL STUDIO 2010\PROJECTS\PROJECT3\PROJECT3\DEBUG\APP.RES
C:\USERS\ANAND\DOCUMENTS\VISUAL STUDIO 2010\PROJECTS\PROJECT3\PROJECT3\DEBUG\ASSEMBLYINFO.OBJ
C:\USERS\ANAND\DOCUMENTS\VISUAL STUDIO 2010\PROJECTS\PROJECT3\PROJECT3\DEBUG\HOME.OBJ
C:\USERS\ANAND\DOCUMENTS\VISUAL STUDIO 2010\PROJECTS\PROJECT3\PROJECT3\DEBUG\LOGIN.OBJ
C:\USERS\ANAND\DOCUMENTS\VISUAL STUDIO 2010\PROJECTS\PROJECT3\PROJECT3\DEBUG\PROJECT3.EXE.INTERMEDIATE.MANIFEST
C:\USERS\ANAND\DOCUMENTS\VISUAL STUDIO 2010\PROJECTS\PROJECT3\PROJECT3\DEBUG\PROJECT3.OBJ
C:\USERS\ANAND\DOCUMENTS\VISUAL STUDIO 2010\PROJECTS\PROJECT3\PROJECT3\DEBUG\PROJECT3.PCH
C:\USERS\ANAND\DOCUMENTS\VISUAL STUDIO 2010\PROJECTS\PROJECT3\PROJECT3\DEBUG\STDAFX.OBJ
C:\USERS\ANAND\DOCUMENTS\VISUAL STUDIO 2010\PROJECTS\PROJECT3\PROJECT3\DEBUG\VC100.PDB
C:\USERS\DEMOLISHER\DESKTOP\RESOURCE_MANAGEMENT\PROJECT3\PROJECT3\DEBUG\PROJECT3.EXE
C:\USERS\DEMOLISHER\DESKTOP\RESOURCE_MANAGEMENT\PROJECT3\PROJECT3\DEBUG\PROJECT3.ILK
C:\USERS\DEMOLISHER\DESKTOP\RESOURCE_MANAGEMENT\PROJECT3\PROJECT3\DEBUG\PROJECT3.PDB
C:\USERS\DEMOLISHER\DESKTOP\RESOURCE_MANAGEMENT\PROJECT3\PROJECT3\PROJECT3\DEBUG\.NETFRAMEWORK,VERSION=V4.0.ASSEMBLYATTRIBUTES.OBJ
C:\USERS\DEMOLISHER\DESKTOP\RESOURCE_MANAGEMENT\PROJECT3\PROJECT3\PROJECT3\DEBUG\APP.RES
C:\USERS\DEMOLISHER\DESKTOP\RESOURCE_MANAGEMENT\PROJECT3\PROJECT3\PROJECT3\DEBUG\ASSEMBLYINFO.OBJ
C:\Users\demolisher\Desktop\Resource_Management\project3\project3\project3\Debug\cl.command.1.tlog
C:\Users\demolisher\Desktop\Resource_Management\project3\project3\project3\Debug\CL.read.1.tlog
C:\Users\demolisher\Desktop\Resource_Management\project3\project3\project3\Debug\CL.write.1.tlog
C:\USERS\DEMOLISHER\DESKTOP\RESOURCE_MANAGEMENT\PROJECT3\PROJECT3\PROJECT3\DEBUG\FORMOPENCLOSE.OBJ
C:\USERS\DEMOLISHER\DESKTOP\RESOURCE_MANAGEMENT\PROJECT3\PROJECT3\PROJECT3\DEBUG\HOME.OBJ
C:\Users\demolisher\Desktop\Resource_Management\project3\project3\project3\Debug\link.10044.read.1.tlog
C:\Users\demolisher\Desktop\Resource_Management\project3\project3\project3\Debug\link.10044.write.1.tlog
C:\Users\demolisher\Desktop\Resource_Management\project3\project3\project3\Debug\link.10044-cvtres.read.1.tlog
C:\Users\demolisher\Desktop\Resource_Management\project3\project3\project3\Debug\link.10044-cvtres.write.1.tlog
C:\Users\demolisher\Desktop\Resource_Management\project3\project3\project3\Debug\link.10072.read.1.tlog
C:\Users\demolisher\Desktop\Resource_Management\project3\project3\project3\Debug\link.10072.write.1.tlog
C:\Users\demolisher\Desktop\Resource_Management\project3\project3\project3\Debug\link.10072-cvtres.read.1.tlog
C:\Users\demolisher\Desktop\Resource_Management\project3\project3\project3\Debug\link.10072-cvtres.write.1.tlog
C:\Users\demolisher\Desktop\Resource_Management\project3\project3\project3\Debug\link.1860.read.1.tlog
C:\Users\demolisher\Desktop\Resource_Management\project3\project3\project3\Debug\link.1860.write.1.tlog
C:\Users\demolisher\Desktop\Resource_Management\project3\project3\project3\Debug\link.1860-cvtres.read.1.tlog
C:\Users\demolisher\Desktop\Resource_Management\project3\project3\project3\Debug\link.1860-cvtres.write.1.tlog
C:\Users\demolisher\Desktop\Resource_Management\project3\project3\project3\Debug\link.1892.read.1.tlog
C:\Users\demolisher\Desktop\Resource_Management\project3\project3\project3\Debug\link.1892.write.1.tlog
C:\Users\demolisher\Desktop\Resource_Management\project3\project3\project3\Debug\link.1892-cvtres.read.1.tlog
C:\Users\demolisher\Desktop\Resource_Management\project3\project3\project3\Debug\link.1892-cvtres.write.1.tlog
C:\Users\demolisher\Desktop\Resource_Management\project3\project3\project3\Debug\link.2264.read.1.tlog
C:\Users\demolisher\Desktop\Resource_Management\project3\project3\project3\Debug\link.2264.write.1.tlog
C:\Users\demolisher\Desktop\Resource_Management\project3\project3\project3\Debug\link.2264-cvtres.read.1.tlog
C:\Users\demolisher\Desktop\Resource_Management\project3\project3\project3\Debug\link.2264-cvtres.write.1.tlog
C:\Users\demolisher\Desktop\Resource_Management\project3\project3\project3\Debug\link.2492.read.1.tlog
C:\Users\demolisher\Desktop\Resource_Management\project3\project3\project3\Debug\link.2492.write.1.tlog
C:\Users\demolisher\Desktop\Resource_Management\project3\project3\project3\Debug\link.2492-cvtres.read.1.tlog
C:\Users\demolisher\Desktop\Resource_Management\project3\project3\project3\Debug\link.2492-cvtres.write.1.tlog
C:\Users\demolisher\Desktop\Resource_Management\project3\project3\project3\Debug\link.2508.read.1.tlog
C:\Users\demolisher\Desktop\Resource_Management\project3\project3\project3\Debug\link.2508.write.1.tlog
C:\Users\demolisher\Desktop\Resource_Management\project3\project3\project3\Debug\link.2508-cvtres.read.1.tlog
C:\Users\demolisher\Desktop\Resource_Management\project3\project3\project3\Debug\link.2508-cvtres.write.1.tlog
C:\Users\demolisher\Desktop\Resource_Management\project3\project3\project3\Debug\link.2872.read.1.tlog
C:\Users\demolisher\Desktop\Resource_Management\project3\project3\project3\Debug\link.2872.write.1.tlog
C:\Users\demolisher\Desktop\Resource_Management\project3\project3\project3\Debug\link.2872-cvtres.read.1.tlog
C:\Users\demolisher\Desktop\Resource_Management\project3\project3\project3\Debug\link.2872-cvtres.write.1.tlog
C:\Users\demolisher\Desktop\Resource_Management\project3\project3\project3\Debug\link.2944.read.1.tlog
C:\Users\demolisher\Desktop\Resource_Management\project3\project3\project3\Debug\link.2944.write.1.tlog
C:\Users\demolisher\Desktop\Resource_Management\project3\project3\project3\Debug\link.2944-cvtres.read.1.tlog
C:\Users\demolisher\Desktop\Resource_Management\project3\project3\project3\Debug\link.2944-cvtres.write.1.tlog
C:\Users\demolisher\Desktop\Resource_Management\project3\project3\project3\Debug\link.3012.read.1.tlog
C:\Users\demolisher\Desktop\Resource_Management\project3\project3\project3\Debug\link.3012.write.1.tlog
C:\Users\demolisher\Desktop\Resource_Management\project3\project3\project3\Debug\link.3012-cvtres.read.1.tlog
C:\Users\demolisher\Desktop\Resource_Management\project3\project3\project3\Debug\link.3012-cvtres.write.1.tlog
C:\Users\demolisher\Desktop\Resource_Management\project3\project3\project3\Debug\link.3052.read.1.tlog
C:\Users\demolisher\Desktop\Resource_Management\project3\project3\project3\Debug\link.3052.write.1.tlog
C:\Users\demolisher\Desktop\Resource_Management\project3\project3\project3\Debug\link.3052-cvtres.read.1.tlog
C:\Users\demolisher\Desktop\Resource_Management\project3\project3\project3\Debug\link.3052-cvtres.write.1.tlog
C:\Users\demolisher\Desktop\Resource_Management\project3\project3\project3\Debug\link.3412.read.1.tlog
C:\Users\demolisher\Desktop\Resource_Management\project3\project3\project3\Debug\link.3412.write.1.tlog
C:\Users\demolisher\Desktop\Resource_Management\project3\project3\project3\Debug\link.3412-cvtres.read.1.tlog
C:\Users\demolisher\Desktop\Resource_Management\project3\project3\project3\Debug\link.3412-cvtres.write.1.tlog
C:\Users\demolisher\Desktop\Resource_Management\project3\project3\project3\Debug\link.3488.read.1.tlog
C:\Users\demolisher\Desktop\Resource_Management\project3\project3\project3\Debug\link.3488.write.1.tlog
C:\Users\demolisher\Desktop\Resource_Management\project3\project3\project3\Debug\link.3488-cvtres.read.1.tlog
C:\Users\demolisher\Desktop\Resource_Management\project3\project3\project3\Debug\link.3488-cvtres.write.1.tlog
C:\Users\demolisher\Desktop\Resource_Management\project3\project3\project3\Debug\link.3508.read.1.tlog
C:\Users\demolisher\Desktop\Resource_Management\project3\project3\project3\Debug\link.3508.write.1.tlog
C:\Users\demolisher\Desktop\Resource_Management\project3\project3\project3\Debug\link.3508-cvtres.read.1.tlog
C:\Users\demolisher\Desktop\Resource_Management\project3\project3\project3\Debug\link.3508-cvtres.write.1.tlog
C:\Users\demolisher\Desktop\Resource_Management\project3\project3\project3\Debug\link.3524.read.1.tlog
C:\Users\demolisher\Desktop\Resource_Management\project3\project3\project3\Debug\link.3524.write.1.tlog
C:\Users\demolisher\Desktop\Resource_Management\project3\project3\project3\Debug\link.3524-cvtres.read.1.tlog
C:\Users\demolisher\Desktop\Resource_Management\project3\project3\project3\Debug\link.3524-cvtres.write.1.tlog
C:\Users\demolisher\Desktop\Resource_Management\project3\project3\project3\Debug\link.3668.read.1.tlog
C:\Users\demolisher\Desktop\Resource_Management\project3\project3\project3\Debug\link.3668.write.1.tlog
C:\Users\demolisher\Desktop\Resource_Management\project3\project3\project3\Debug\link.3668-cvtres.read.1.tlog
C:\Users\demolisher\Desktop\Resource_Management\project3\project3\project3\Debug\link.3668-cvtres.write.1.tlog
C:\Users\demolisher\Desktop\Resource_Management\project3\project3\project3\Debug\link.3732.read.1.tlog
C:\Users\demolisher\Desktop\Resource_Management\project3\project3\project3\Debug\link.3732.write.1.tlog
C:\Users\demolisher\Desktop\Resource_Management\project3\project3\project3\Debug\link.3732-cvtres.read.1.tlog
C:\Users\demolisher\Desktop\Resource_Management\project3\project3\project3\Debug\link.3732-cvtres.write.1.tlog
C:\Users\demolisher\Desktop\Resource_Management\project3\project3\project3\Debug\link.3852.read.1.tlog
C:\Users\demolisher\Desktop\Resource_Management\project3\project3\project3\Debug\link.3852.write.1.tlog
C:\Users\demolisher\Desktop\Resource_Management\project3\project3\project3\Debug\link.3852-cvtres.read.1.tlog
C:\Users\demolisher\Desktop\Resource_Management\project3\project3\project3\Debug\link.3852-cvtres.write.1.tlog
C:\Users\demolisher\Desktop\Resource_Management\project3\project3\project3\Debug\link.3972.read.1.tlog
C:\Users\demolisher\Desktop\Resource_Management\project3\project3\project3\Debug\link.3972.write.1.tlog
C:\Users\demolisher\Desktop\Resource_Management\project3\project3\project3\Debug\link.3972-cvtres.read.1.tlog
C:\Users\demolisher\Desktop\Resource_Management\project3\project3\project3\Debug\link.3972-cvtres.write.1.tlog
C:\Users\demolisher\Desktop\Resource_Management\project3\project3\project3\Debug\link.4004.read.1.tlog
C:\Users\demolisher\Desktop\Resource_Management\project3\project3\project3\Debug\link.4004.write.1.tlog
C:\Users\demolisher\Desktop\Resource_Management\project3\project3\project3\Debug\link.4004-cvtres.read.1.tlog
C:\Users\demolisher\Desktop\Resource_Management\project3\project3\project3\Debug\link.4004-cvtres.write.1.tlog
C:\Users\demolisher\Desktop\Resource_Management\project3\project3\project3\Debug\link.4108.read.1.tlog
C:\Users\demolisher\Desktop\Resource_Management\project3\project3\project3\Debug\link.4108.write.1.tlog
C:\Users\demolisher\Desktop\Resource_Management\project3\project3\project3\Debug\link.4108-cvtres.read.1.tlog
C:\Users\demolisher\Desktop\Resource_Management\project3\project3\project3\Debug\link.4108-cvtres.write.1.tlog
C:\Users\demolisher\Desktop\Resource_Management\project3\project3\project3\Debug\link.4232.read.1.tlog
C:\Users\demolisher\Desktop\Resource_Management\project3\project3\project3\Debug\link.4232.write.1.tlog
C:\Users\demolisher\Desktop\Resource_Management\project3\project3\project3\Debug\link.4232-cvtres.read.1.tlog
C:\Users\demolisher\Desktop\Resource_Management\project3\project3\project3\Debug\link.4232-cvtres.write.1.tlog
C:\Users\demolisher\Desktop\Resource_Management\project3\project3\project3\Debug\link.4316.read.1.tlog
C:\Users\demolisher\Desktop\Resource_Management\project3\project3\project3\Debug\link.4316.write.1.tlog
C:\Users\demolisher\Desktop\Resource_Management\project3\project3\project3\Debug\link.4316-cvtres.read.1.tlog
C:\Users\demolisher\Desktop\Resource_Management\project3\project3\project3\Debug\link.4316-cvtres.write.1.tlog
C:\Users\demolisher\Desktop\Resource_Management\project3\project3\project3\Debug\link.4556.read.1.tlog
C:\Users\demolisher\Desktop\Resource_Management\project3\project3\project3\Debug\link.4556.write.1.tlog
C:\Users\demolisher\Desktop\Resource_Management\project3\project3\project3\Debug\link.4556-cvtres.read.1.tlog
C:\Users\demolisher\Desktop\Resource_Management\project3\project3\project3\Debug\link.4556-cvtres.write.1.tlog
C:\Users\demolisher\Desktop\Resource_Management\project3\project3\project3\Debug\link.4588.read.1.tlog
C:\Users\demolisher\Desktop\Resource_Management\project3\project3\project3\Debug\link.4588.write.1.tlog
C:\Users\demolisher\Desktop\Resource_Management\project3\project3\project3\Debug\link.4588-cvtres.read.1.tlog
C:\Users\demolisher\Desktop\Resource_Management\project3\project3\project3\Debug\link.4588-cvtres.write.1.tlog
C:\Users\demolisher\Desktop\Resource_Management\project3\project3\project3\Debug\link.4708.read.1.tlog
C:\Users\demolisher\Desktop\Resource_Management\project3\project3\project3\Debug\link.4708.write.1.tlog
C:\Users\demolisher\Desktop\Resource_Management\project3\project3\project3\Debug\link.4708-cvtres.read.1.tlog
C:\Users\demolisher\Desktop\Resource_Management\project3\project3\project3\Debug\link.4708-cvtres.write.1.tlog
C:\Users\demolisher\Desktop\Resource_Management\project3\project3\project3\Debug\link.4724.read.1.tlog
C:\Users\demolisher\Desktop\Resource_Management\project3\project3\project3\Debug\link.4724.write.1.tlog
C:\Users\demolisher\Desktop\Resource_Management\project3\project3\project3\Debug\link.4724-cvtres.read.1.tlog
C:\Users\demolisher\Desktop\Resource_Management\project3\project3\project3\Debug\link.4724-cvtres.write.1.tlog
C:\Users\demolisher\Desktop\Resource_Management\project3\project3\project3\Debug\link.4744.read.1.tlog
C:\Users\demolisher\Desktop\Resource_Management\project3\project3\project3\Debug\link.4744.write.1.tlog
C:\Users\demolisher\Desktop\Resource_Management\project3\project3\project3\Debug\link.4744-cvtres.read.1.tlog
C:\Users\demolisher\Desktop\Resource_Management\project3\project3\project3\Debug\link.4744-cvtres.write.1.tlog
C:\Users\demolisher\Desktop\Resource_Management\project3\project3\project3\Debug\link.4760.read.1.tlog
C:\Users\demolisher\Desktop\Resource_Management\project3\project3\project3\Debug\link.4760.write.1.tlog
C:\Users\demolisher\Desktop\Resource_Management\project3\project3\project3\Debug\link.4760-cvtres.read.1.tlog
C:\Users\demolisher\Desktop\Resource_Management\project3\project3\project3\Debug\link.4760-cvtres.write.1.tlog
C:\Users\demolisher\Desktop\Resource_Management\project3\project3\project3\Debug\link.4872.read.1.tlog
C:\Users\demolisher\Desktop\Resource_Management\project3\project3\project3\Debug\link.4872.write.1.tlog
C:\Users\demolisher\Desktop\Resource_Management\project3\project3\project3\Debug\link.4872-cvtres.read.1.tlog
C:\Users\demolisher\Desktop\Resource_Management\project3\project3\project3\Debug\link.4872-cvtres.write.1.tlog
C:\Users\demolisher\Desktop\Resource_Management\project3\project3\project3\Debug\link.4928.read.1.tlog
C:\Users\demolisher\Desktop\Resource_Management\project3\project3\project3\Debug\link.4928.write.1.tlog
C:\Users\demolisher\Desktop\Resource_Management\project3\project3\project3\Debug\link.4928-cvtres.read.1.tlog
C:\Users\demolisher\Desktop\Resource_Management\project3\project3\project3\Debug\link.4928-cvtres.write.1.tlog
C:\Users\demolisher\Desktop\Resource_Management\project3\project3\project3\Debug\link.4948.read.1.tlog
C:\Users\demolisher\Desktop\Resource_Management\project3\project3\project3\Debug\link.4948.write.1.tlog
C:\Users\demolisher\Desktop\Resource_Management\project3\project3\project3\Debug\link.4948-cvtres.read.1.tlog
C:\Users\demolisher\Desktop\Resource_Management\project3\project3\project3\Debug\link.4948-cvtres.write.1.tlog
C:\Users\demolisher\Desktop\Resource_Management\project3\project3\project3\Debug\link.5028.read.1.tlog
C:\Users\demolisher\Desktop\Resource_Management\project3\project3\project3\Debug\link.5028.write.1.tlog
C:\Users\demolisher\Desktop\Resource_Management\project3\project3\project3\Debug\link.5028-cvtres.read.1.tlog
C:\Users\demolisher\Desktop\Resource_Management\project3\project3\project3\Debug\link.5028-cvtres.write.1.tlog
C:\Users\demolisher\Desktop\Resource_Management\project3\project3\project3\Debug\link.5032.read.1.tlog
C:\Users\demolisher\Desktop\Resource_Management\project3\project3\project3\Debug\link.5032.write.1.tlog
C:\Users\demolisher\Desktop\Resource_Management\project3\project3\project3\Debug\link.5032-cvtres.read.1.tlog
C:\Users\demolisher\Desktop\Resource_Management\project3\project3\project3\Debug\link.5032-cvtres.write.1.tlog
C:\Users\demolisher\Desktop\Resource_Management\project3\project3\project3\Debug\link.5048.read.1.tlog
C:\Users\demolisher\Desktop\Resource_Management\project3\project3\project3\Debug\link.5048.write.1.tlog
C:\Users\demolisher\Desktop\Resource_Management\project3\project3\project3\Debug\link.5048-cvtres.read.1.tlog
C:\Users\demolisher\Desktop\Resource_Management\project3\project3\project3\Debug\link.5048-cvtres.write.1.tlog
C:\Users\demolisher\Desktop\Resource_Management\project3\project3\project3\Debug\link.5288.read.1.tlog
C:\Users\demolisher\Desktop\Resource_Management\project3\project3\project3\Debug\link.5288.write.1.tlog
C:\Users\demolisher\Desktop\Resource_Management\project3\project3\project3\Debug\link.5288-cvtres.read.1.tlog
C:\Users\demolisher\Desktop\Resource_Management\project3\project3\project3\Debug\link.5288-cvtres.write.1.tlog
C:\Users\demolisher\Desktop\Resource_Management\project3\project3\project3\Debug\link.5832.read.1.tlog
C:\Users\demolisher\Desktop\Resource_Management\project3\project3\project3\Debug\link.5832.write.1.tlog
C:\Users\demolisher\Desktop\Resource_Management\project3\project3\project3\Debug\link.5832-cvtres.read.1.tlog
C:\Users\demolisher\Desktop\Resource_Management\project3\project3\project3\Debug\link.5832-cvtres.write.1.tlog
C:\Users\demolisher\Desktop\Resource_Management\project3\project3\project3\Debug\link.6272.read.1.tlog
C:\Users\demolisher\Desktop\Resource_Management\project3\project3\project3\Debug\link.6272.write.1.tlog
C:\Users\demolisher\Desktop\Resource_Management\project3\project3\project3\Debug\link.6272-cvtres.read.1.tlog
C:\Users\demolisher\Desktop\Resource_Management\project3\project3\project3\Debug\link.6272-cvtres.write.1.tlog
C:\Users\demolisher\Desktop\Resource_Management\project3\project3\project3\Debug\link.6376.read.1.tlog
C:\Users\demolisher\Desktop\Resource_Management\project3\project3\project3\Debug\link.6376.write.1.tlog
C:\Users\demolisher\Desktop\Resource_Management\project3\project3\project3\Debug\link.6376-cvtres.read.1.tlog
C:\Users\demolisher\Desktop\Resource_Management\project3\project3\project3\Debug\link.6376-cvtres.write.1.tlog
C:\Users\demolisher\Desktop\Resource_Management\project3\project3\project3\Debug\link.6468.read.1.tlog
C:\Users\demolisher\Desktop\Resource_Management\project3\project3\project3\Debug\link.6468.write.1.tlog
C:\Users\demolisher\Desktop\Resource_Management\project3\project3\project3\Debug\link.6468-cvtres.read.1.tlog
C:\Users\demolisher\Desktop\Resource_Management\project3\project3\project3\Debug\link.6468-cvtres.write.1.tlog
C:\Users\demolisher\Desktop\Resource_Management\project3\project3\project3\Debug\link.6488.read.1.tlog
C:\Users\demolisher\Desktop\Resource_Management\project3\project3\project3\Debug\link.6488.write.1.tlog
C:\Users\demolisher\Desktop\Resource_Management\project3\project3\project3\Debug\link.6488-cvtres.read.1.tlog
C:\Users\demolisher\Desktop\Resource_Management\project3\project3\project3\Debug\link.6488-cvtres.write.1.tlog
C:\Users\demolisher\Desktop\Resource_Management\project3\project3\project3\Debug\link.6780.read.1.tlog
C:\Users\demolisher\Desktop\Resource_Management\project3\project3\project3\Debug\link.6780.write.1.tlog
C:\Users\demolisher\Desktop\Resource_Management\project3\project3\project3\Debug\link.6780-cvtres.read.1.tlog
C:\Users\demolisher\Desktop\Resource_Management\project3\project3\project3\Debug\link.6780-cvtres.write.1.tlog
C:\Users\demolisher\Desktop\Resource_Management\project3\project3\project3\Debug\link.6860.read.1.tlog
C:\Users\demolisher\Desktop\Resource_Management\project3\project3\project3\Debug\link.6860.write.1.tlog
C:\Users\demolisher\Desktop\Resource_Management\project3\project3\project3\Debug\link.6860-cvtres.read.1.tlog
C:\Users\demolisher\Desktop\Resource_Management\project3\project3\project3\Debug\link.6860-cvtres.write.1.tlog
C:\Users\demolisher\Desktop\Resource_Management\project3\project3\project3\Debug\link.692.read.1.tlog
C:\Users\demolisher\Desktop\Resource_Management\project3\project3\project3\Debug\link.692.write.1.tlog
C:\Users\demolisher\Desktop\Resource_Management\project3\project3\project3\Debug\link.692-cvtres.read.1.tlog
C:\Users\demolisher\Desktop\Resource_Management\project3\project3\project3\Debug\link.692-cvtres.write.1.tlog
C:\Users\demolisher\Desktop\Resource_Management\project3\project3\project3\Debug\link.7176.read.1.tlog
C:\Users\demolisher\Desktop\Resource_Management\project3\project3\project3\Debug\link.7176.write.1.tlog
C:\Users\demolisher\Desktop\Resource_Management\project3\project3\project3\Debug\link.7176-cvtres.read.1.tlog
C:\Users\demolisher\Desktop\Resource_Management\project3\project3\project3\Debug\link.7176-cvtres.write.1.tlog
C:\Users\demolisher\Desktop\Resource_Management\project3\project3\project3\Debug\link.7184.read.1.tlog
C:\Users\demolisher\Desktop\Resource_Management\project3\project3\project3\Debug\link.7184.write.1.tlog
C:\Users\demolisher\Desktop\Resource_Management\project3\project3\project3\Debug\link.7184-cvtres.read.1.tlog
C:\Users\demolisher\Desktop\Resource_Management\project3\project3\project3\Debug\link.7184-cvtres.write.1.tlog
C:\Users\demolisher\Desktop\Resource_Management\project3\project3\project3\Debug\link.7244.read.1.tlog
C:\Users\demolisher\Desktop\Resource_Management\project3\project3\project3\Debug\link.7244.write.1.tlog
C:\Users\demolisher\Desktop\Resource_Management\project3\project3\project3\Debug\link.7244-cvtres.read.1.tlog
C:\Users\demolisher\Desktop\Resource_Management\project3\project3\project3\Debug\link.7244-cvtres.write.1.tlog
C:\Users\demolisher\Desktop\Resource_Management\project3\project3\project3\Debug\link.7248.read.1.tlog
C:\Users\demolisher\Desktop\Resource_Management\project3\project3\project3\Debug\link.7248.write.1.tlog
C:\Users\demolisher\Desktop\Resource_Management\project3\project3\project3\Debug\link.7248-cvtres.read.1.tlog
C:\Users\demolisher\Desktop\Resource_Management\project3\project3\project3\Debug\link.7248-cvtres.write.1.tlog
C:\Users\demolisher\Desktop\Resource_Management\project3\project3\project3\Debug\link.7356.read.1.tlog
C:\Users\demolisher\Desktop\Resource_Management\project3\project3\project3\Debug\link.7356.write.1.tlog
C:\Users\demolisher\Desktop\Resource_Management\project3\project3\project3\Debug\link.7356-cvtres.read.1.tlog
C:\Users\demolisher\Desktop\Resource_Management\project3\project3\project3\Debug\link.7356-cvtres.write.1.tlog
C:\Users\demolisher\Desktop\Resource_Management\project3\project3\project3\Debug\link.7584.read.1.tlog
C:\Users\demolisher\Desktop\Resource_Management\project3\project3\project3\Debug\link.7584.write.1.tlog
C:\Users\demolisher\Desktop\Resource_Management\project3\project3\project3\Debug\link.7584-cvtres.read.1.tlog
C:\Users\demolisher\Desktop\Resource_Management\project3\project3\project3\Debug\link.7584-cvtres.write.1.tlog
C:\Users\demolisher\Desktop\Resource_Management\project3\project3\project3\Debug\link.7760.read.1.tlog
C:\Users\demolisher\Desktop\Resource_Management\project3\project3\project3\Debug\link.7760.write.1.tlog
C:\Users\demolisher\Desktop\Resource_Management\project3\project3\project3\Debug\link.7760-cvtres.read.1.tlog
C:\Users\demolisher\Desktop\Resource_Management\project3\project3\project3\Debug\link.7760-cvtres.write.1.tlog
C:\Users\demolisher\Desktop\Resource_Management\project3\project3\project3\Debug\link.7936.read.1.tlog
C:\Users\demolisher\Desktop\Resource_Management\project3\project3\project3\Debug\link.7936.write.1.tlog
C:\Users\demolisher\Desktop\Resource_Management\project3\project3\project3\Debug\link.7936-cvtres.read.1.tlog
C:\Users\demolisher\Desktop\Resource_Management\project3\project3\project3\Debug\link.7936-cvtres.write.1.tlog
C:\Users\demolisher\Desktop\Resource_Management\project3\project3\project3\Debug\link.7956.read.1.tlog
C:\Users\demolisher\Desktop\Resource_Management\project3\project3\project3\Debug\link.7956.write.1.tlog
C:\Users\demolisher\Desktop\Resource_Management\project3\project3\project3\Debug\link.7956-cvtres.read.1.tlog
C:\Users\demolisher\Desktop\Resource_Management\project3\project3\project3\Debug\link.7956-cvtres.write.1.tlog
C:\Users\demolisher\Desktop\Resource_Management\project3\project3\project3\Debug\link.7960.read.1.tlog
C:\Users\demolisher\Desktop\Resource_Management\project3\project3\project3\Debug\link.7960.write.1.tlog
C:\Users\demolisher\Desktop\Resource_Management\project3\project3\project3\Debug\link.7960-cvtres.read.1.tlog
C:\Users\demolisher\Desktop\Resource_Management\project3\project3\project3\Debug\link.7960-cvtres.write.1.tlog
C:\Users\demolisher\Desktop\Resource_Management\project3\project3\project3\Debug\link.8032.read.1.tlog
C:\Users\demolisher\Desktop\Resource_Management\project3\project3\project3\Debug\link.8032.write.1.tlog
C:\Users\demolisher\Desktop\Resource_Management\project3\project3\project3\Debug\link.8032-cvtres.read.1.tlog
C:\Users\demolisher\Desktop\Resource_Management\project3\project3\project3\Debug\link.8032-cvtres.write.1.tlog
C:\Users\demolisher\Desktop\Resource_Management\project3\project3\project3\Debug\link.8084.read.1.tlog
C:\Users\demolisher\Desktop\Resource_Management\project3\project3\project3\Debug\link.8084.write.1.tlog
C:\Users\demolisher\Desktop\Resource_Management\project3\project3\project3\Debug\link.8084-cvtres.read.1.tlog
C:\Users\demolisher\Desktop\Resource_Management\project3\project3\project3\Debug\link.8084-cvtres.write.1.tlog
C:\Users\demolisher\Desktop\Resource_Management\project3\project3\project3\Debug\link.816.read.1.tlog
C:\Users\demolisher\Desktop\Resource_Management\project3\project3\project3\Debug\link.816.write.1.tlog
C:\Users\demolisher\Desktop\Resource_Management\project3\project3\project3\Debug\link.816-cvtres.read.1.tlog
C:\Users\demolisher\Desktop\Resource_Management\project3\project3\project3\Debug\link.816-cvtres.write.1.tlog
C:\Users\demolisher\Desktop\Resource_Management\project3\project3\project3\Debug\link.8248.read.1.tlog
C:\Users\demolisher\Desktop\Resource_Management\project3\project3\project3\Debug\link.8248.write.1.tlog
C:\Users\demolisher\Desktop\Resource_Management\project3\project3\project3\Debug\link.8248-cvtres.read.1.tlog
C:\Users\demolisher\Desktop\Resource_Management\project3\project3\project3\Debug\link.8248-cvtres.write.1.tlog
C:\Users\demolisher\Desktop\Resource_Management\project3\project3\project3\Debug\link.8304.read.1.tlog
C:\Users\demolisher\Desktop\Resource_Management\project3\project3\project3\Debug\link.8304.write.1.tlog
C:\Users\demolisher\Desktop\Resource_Management\project3\project3\project3\Debug\link.8304-cvtres.read.1.tlog
C:\Users\demolisher\Desktop\Resource_Management\project3\project3\project3\Debug\link.8304-cvtres.write.1.tlog
C:\Users\demolisher\Desktop\Resource_Management\project3\project3\project3\Debug\link.84.read.1.tlog
C:\Users\demolisher\Desktop\Resource_Management\project3\project3\project3\Debug\link.84.write.1.tlog
C:\Users\demolisher\Desktop\Resource_Management\project3\project3\project3\Debug\link.8464.read.1.tlog
C:\Users\demolisher\Desktop\Resource_Management\project3\project3\project3\Debug\link.8464.write.1.tlog
C:\Users\demolisher\Desktop\Resource_Management\project3\project3\project3\Debug\link.8464-cvtres.read.1.tlog
C:\Users\demolisher\Desktop\Resource_Management\project3\project3\project3\Debug\link.8464-cvtres.write.1.tlog
C:\Users\demolisher\Desktop\Resource_Management\project3\project3\project3\Debug\link.84-cvtres.read.1.tlog
C:\Users\demolisher\Desktop\Resource_Management\project3\project3\project3\Debug\link.84-cvtres.write.1.tlog
C:\Users\demolisher\Desktop\Resource_Management\project3\project3\project3\Debug\link.8524.read.1.tlog
C:\Users\demolisher\Desktop\Resource_Management\project3\project3\project3\Debug\link.8524.write.1.tlog
C:\Users\demolisher\Desktop\Resource_Management\project3\project3\project3\Debug\link.8524-cvtres.read.1.tlog
C:\Users\demolisher\Desktop\Resource_Management\project3\project3\project3\Debug\link.8524-cvtres.write.1.tlog
C:\Users\demolisher\Desktop\Resource_Management\project3\project3\project3\Debug\link.8628.read.1.tlog
C:\Users\demolisher\Desktop\Resource_Management\project3\project3\project3\Debug\link.8628.write.1.tlog
C:\Users\demolisher\Desktop\Resource_Management\project3\project3\project3\Debug\link.8628-cvtres.read.1.tlog
C:\Users\demolisher\Desktop\Resource_Management\project3\project3\project3\Debug\link.8628-cvtres.write.1.tlog
C:\Users\demolisher\Desktop\Resource_Management\project3\project3\project3\Debug\link.8808.read.1.tlog
C:\Users\demolisher\Desktop\Resource_Management\project3\project3\project3\Debug\link.8808.write.1.tlog
C:\Users\demolisher\Desktop\Resource_Management\project3\project3\project3\Debug\link.8808-cvtres.read.1.tlog
C:\Users\demolisher\Desktop\Resource_Management\project3\project3\project3\Debug\link.8808-cvtres.write.1.tlog
C:\Users\demolisher\Desktop\Resource_Management\project3\project3\project3\Debug\link.8820.read.1.tlog
C:\Users\demolisher\Desktop\Resource_Management\project3\project3\project3\Debug\link.8820.write.1.tlog
C:\Users\demolisher\Desktop\Resource_Management\project3\project3\project3\Debug\link.8820-cvtres.read.1.tlog
C:\Users\demolisher\Desktop\Resource_Management\project3\project3\project3\Debug\link.8820-cvtres.write.1.tlog
C:\Users\demolisher\Desktop\Resource_Management\project3\project3\project3\Debug\link.9136.read.1.tlog
C:\Users\demolisher\Desktop\Resource_Management\project3\project3\project3\Debug\link.9136.write.1.tlog
C:\Users\demolisher\Desktop\Resource_Management\project3\project3\project3\Debug\link.9136-cvtres.read.1.tlog
C:\Users\demolisher\Desktop\Resource_Management\project3\project3\project3\Debug\link.9136-cvtres.write.1.tlog
C:\Users\demolisher\Desktop\Resource_Management\project3\project3\project3\Debug\link.9168.read.1.tlog
C:\Users\demolisher\Desktop\Resource_Management\project3\project3\project3\Debug\link.9168.write.1.tlog
C:\Users\demolisher\Desktop\Resource_Management\project3\project3\project3\Debug\link.9168-cvtres.read.1.tlog
C:\Users\demolisher\Desktop\Resource_Management\project3\project3\project3\Debug\link.9168-cvtres.write.1.tlog
C:\Users\demolisher\Desktop\Resource_Management\project3\project3\project3\Debug\link.9528.read.1.tlog
C:\Users\demolisher\Desktop\Resource_Management\project3\project3\project3\Debug\link.9528.write.1.tlog
C:\Users\demolisher\Desktop\Resource_Management\project3\project3\project3\Debug\link.9528-cvtres.read.1.tlog
C:\Users\demolisher\Desktop\Resource_Management\project3\project3\project3\Debug\link.9528-cvtres.write.1.tlog
C:\Users\demolisher\Desktop\Resource_Management\project3\project3\project3\Debug\link.command.1.tlog
C:\Users\demolisher\Desktop\Resource_Management\project3\project3\project3\Debug\link.read.1.tlog
C:\Users\demolisher\Desktop\Resource_Management\project3\project3\project3\Debug\link.write.1.tlog
C:\USERS\DEMOLISHER\DESKTOP\RESOURCE_MANAGEMENT\PROJECT3\PROJECT3\PROJECT3\DEBUG\LOGIN.OBJ
C:\Users\demolisher\Desktop\Resource_Management\project3\project3\project3\Debug\mt.command.1.tlog
C:\Users\demolisher\Desktop\Resource_Management\project3\project3\project3\Debug\mt.read.1.tlog
C:\Users\demolisher\Desktop\Resource_Management\project3\project3\project3\Debug\mt.write.1.tlog
C:\USERS\DEMOLISHER\DESKTOP\RESOURCE_MANAGEMENT\PROJECT3\PROJECT3\PROJECT3\DEBUG\PROJECT3.EXE.INTERMEDIATE.MANIFEST
C:\Users\demolisher\Desktop\Resource_Management\project3\project3\project3\Debug\project3.Form1.resources
C:\Users\demolisher\Desktop\Resource_Management\project3\project3\project3\Debug\project3.home.resources
C:\Users\demolisher\Desktop\Resource_Management\project3\project3\project3\Debug\project3.login.resources
C:\USERS\DEMOLISHER\DESKTOP\RESOURCE_MANAGEMENT\PROJECT3\PROJECT3\PROJECT3\DEBUG\PROJECT3.OBJ
C:\USERS\DEMOLISHER\DESKTOP\RESOURCE_MANAGEMENT\PROJECT3\PROJECT3\PROJECT3\DEBUG\PROJECT3.PCH
C:\Users\demolisher\Desktop\Resource_Management\project3\project3\project3\Debug\project3.vcxproj.GenerateResource.Cache
C:\Users\demolisher\Desktop\Resource_Management\project3\project3\project3\Debug\project3.vcxprojResolveAssemblyReference.cache
C:\Users\demolisher\Desktop\Resource_Management\project3\project3\project3\Debug\project3.write.1.tlog
C:\Users\demolisher\Desktop\Resource_Management\project3\project3\project3\Debug\rc.command.1.tlog
C:\Users\demolisher\Desktop\Resource_Management\project3\project3\project3\Debug\rc.read.1.tlog
C:\Users\demolisher\Desktop\Resource_Management\project3\project3\project3\Debug\rc.write.1.tlog
C:\USERS\DEMOLISHER\DESKTOP\RESOURCE_MANAGEMENT\PROJECT3\PROJECT3\PROJECT3\DEBUG\STDAFX.OBJ
C:\USERS\DEMOLISHER\DESKTOP\RESOURCE_MANAGEMENT\PROJECT3\PROJECT3\PROJECT3\DEBUG\VC100.PDB
